<?xml version="1.0" encoding="UTF-8"?>
<!-- Generated by org.testng.reporters.JUnitReportReporter -->
<testsuite hostname="AcePC" failures="0" tests="2" name="TestNGHwPractice.LoginWorkingTest" time="10.947" errors="0" timestamp="19 May 2018 03:43:33 GMT" skipped="0">
  <testcase classname="TestNGHwPractice.LoginWorkingTest" name="LoginPageTest" time="4.674"/>
  <testcase classname="TestNGHwPractice.LoginWorkingTest" name="contactForm" time="6.273"/>
</testsuite> <!-- TestNGHwPractice.LoginWorkingTest -->
