<?xml version="1.0" encoding="UTF-8"?>
<!-- Generated by org.testng.reporters.JUnitReportReporter -->
<testsuite hostname="AcePC" failures="0" tests="1" name="TestNGHwPractice.LoginPageTest" time="4.571" errors="0" timestamp="19 May 2018 03:39:40 GMT" skipped="0">
  <testcase classname="TestNGHwPractice.LoginPageTest" name="LoginPageTest" time="4.571"/>
</testsuite> <!-- TestNGHwPractice.LoginPageTest -->
