<?xml version="1.0" encoding="UTF-8"?>
<!-- Generated by org.testng.reporters.JUnitReportReporter -->
<testsuite hostname="AcePC" failures="0" tests="1" name="TestNGHwPractice.ContactFormTest" time="6.226" errors="0" timestamp="19 May 2018 03:39:40 GMT" skipped="0">
  <testcase classname="TestNGHwPractice.ContactFormTest" name="contactForm" time="6.226"/>
</testsuite> <!-- TestNGHwPractice.ContactFormTest -->
