<?xml version="1.0" encoding="UTF-8"?>
<!-- Generated by org.testng.reporters.JUnitReportReporter -->
<testsuite hostname="AcePC" failures="0" tests="2" name="TestNGHwPractice.SignUpWorkingTest" time="15.363" errors="0" timestamp="19 May 2018 03:46:07 GMT" skipped="0">
  <testcase classname="TestNGHwPractice.SignUpWorkingTest" name="signUpPage" time="8.125"/>
  <testcase classname="TestNGHwPractice.SignUpWorkingTest" name="contactForm" time="7.238"/>
</testsuite> <!-- TestNGHwPractice.SignUpWorkingTest -->
