<?xml version="1.0" encoding="UTF-8"?>
<!-- Generated by org.testng.reporters.JUnitReportReporter -->
<testsuite hostname="AcePC" failures="0" tests="1" name="TestNGHwPractice.SignUpPageTest" time="6.998" errors="0" timestamp="19 May 2018 03:14:22 GMT" skipped="0">
  <testcase classname="TestNGHwPractice.SignUpPageTest" name="signUpPage" time="6.998"/>
</testsuite> <!-- TestNGHwPractice.SignUpPageTest -->
